  785.084  8.786259e-01  8.916141e-02 -6.359071e-17  7.029004e-02  1.318110e-02 -1.310680e-17 
  786.009  8.764801e-01  8.864859e-02  3.029617e-17  7.011755e-02  1.306474e-02  1.079384e-17 
  786.937  8.745698e-01  8.801308e-02 -2.483661e-17  6.996327e-02  1.292126e-02 -6.938894e-18 
  787.867  8.692929e-01  8.717993e-02  2.661550e-17  6.954077e-02  1.273833e-02  2.246258e-18 
  788.799  8.702550e-01  8.700803e-02  5.033226e-17  6.961615e-02  1.272207e-02  7.344948e-18 
  789.734  8.594908e-01  8.532946e-02 -3.663556e-17  6.875444e-02  1.234955e-02 -8.348897e-18 
  790.670  8.623852e-01  8.548898e-02  1.613307e-17  6.898465e-02  1.240578e-02  2.628486e-18 
  791.609  8.659502e-01  8.579469e-02  2.906923e-17  6.926884e-02  1.248592e-02  2.083957e-18 
  792.550  8.693680e-01  8.621152e-02  2.820664e-17  6.954147e-02  1.261497e-02  3.862353e-18 
  793.494  8.706865e-01  8.617366e-02 -3.035064e-17  6.964616e-02  1.259555e-02 -3.410393e-18 
  794.439  8.813478e-01  8.747259e-02 -5.459564e-18  7.049745e-02  1.293764e-02 -3.854941e-18 
  795.387  8.762854e-01  8.647854e-02 -1.664726e-17  7.009163e-02  1.269326e-02 -1.156482e-18 
  796.337  8.513974e-01  8.276125e-02 -8.345903e-18  6.809989e-02  1.186567e-02 -3.481435e-18 
  797.289  8.692937e-01  8.508141e-02 -1.947803e-17  6.953043e-02  1.239816e-02 -1.861709e-18 
  798.244  8.722956e-01  8.533077e-02 -2.593875e-17  6.976952e-02  1.247588e-02 -2.225206e-18 
  799.201  8.757238e-01  8.569922e-02 -4.844262e-18  7.004327e-02  1.255937e-02 -7.709882e-19 
  800.160  8.656920e-01  8.413156e-02 -1.617304e-17  6.924004e-02  1.221813e-02 -2.396527e-18 
  801.122  8.608652e-01  8.316987e-02  9.977151e-18  6.885256e-02  1.201875e-02  5.201258e-18 
  802.086  8.671625e-01  8.386988e-02  2.455067e-17  6.935550e-02  1.217624e-02  2.638586e-18 
  803.052  8.663280e-01  8.358958e-02 -3.702185e-18  6.928792e-02  1.212446e-02 -2.843295e-18 
  804.020  8.662721e-01  8.330656e-02  2.745571e-17  6.928203e-02  1.208093e-02  1.344122e-18 
  804.991  8.698064e-01  8.362643e-02  1.325363e-17  6.956372e-02  1.217505e-02  2.456525e-18 
  805.964  8.796589e-01  8.493712e-02 -2.210683e-17  7.035118e-02  1.249348e-02 -5.011423e-18 
  806.940  8.747942e-01  8.392739e-02  3.143271e-17  6.996048e-02  1.228326e-02  3.589472e-18 
  807.918  8.804037e-01  8.449581e-02 -2.739303e-17  7.040795e-02  1.243540e-02 -2.120218e-18 
  808.898  8.720951e-01  8.325881e-02 -7.440520e-18  6.974319e-02  1.214746e-02 -4.690950e-19 
  809.881  8.672193e-01  8.226635e-02  2.926992e-18  6.935190e-02  1.192340e-02 -2.607566e-18 
  810.866  8.657584e-01  8.190928e-02  2.381237e-17  6.923454e-02  1.183586e-02  7.830228e-18 
  811.853  8.552833e-01  8.017788e-02  1.548682e-17  6.839524e-02  1.147110e-02  2.190030e-18 
  812.843  8.323591e-01  7.716051e-02  2.104360e-17  6.656115e-02  1.088307e-02  6.247807e-18 
  813.836  8.001541e-01  7.302522e-02 -8.973532e-18  6.398502e-02  1.006362e-02  2.778906e-18 
  814.830  7.651452e-01  6.915979e-02 -3.113180e-18  6.118441e-02  9.450131e-03 -1.726895e-18 
  815.827  7.933862e-01  7.219062e-02 -8.368961e-18  6.344232e-02  9.980039e-03 -1.915072e-18 
  816.827  6.723412e-01  5.949122e-02 -4.660523e-18  5.376212e-02  7.906965e-03 -1.055538e-18 
  817.829  7.652828e-01  6.909002e-02 -1.240607e-17  6.119302e-02  9.522364e-03 -2.397053e-18 
  818.833  7.877534e-01  7.091355e-02  9.651487e-18  6.298871e-02  9.767402e-03  2.185544e-18 
  819.840  7.580494e-01  6.801634e-02  1.145534e-17  6.061270e-02  9.345729e-03  1.496981e-18 
  820.850  8.656595e-01  7.988509e-02 -3.862067e-18  6.921601e-02  1.155076e-02 -3.318594e-18 
  821.862  8.460424e-01  7.722329e-02 -1.684397e-18  6.764720e-02  1.095283e-02  1.330341e-18 
  822.876  6.475504e-01  5.609282e-02 -2.797571e-18  5.177553e-02  7.375112e-03 -6.383413e-19 
  823.893  8.222553e-01  7.375243e-02  2.729782e-18  6.574252e-02  1.027198e-02  1.927471e-18 
  824.913  8.532310e-01  7.776282e-02 -4.504534e-19  6.821904e-02  1.116689e-02 -5.018069e-19 
  825.935  8.232957e-01  7.380822e-02 -3.323183e-17  6.582377e-02  1.038920e-02 -4.682969e-18 
  826.959  8.526314e-01  7.723133e-02 -3.534930e-18  6.816896e-02  1.106602e-02  1.933376e-18 
  827.986  7.762167e-01  6.827174e-02  7.028711e-18  6.205873e-02  9.357826e-03  1.118654e-18 
  829.016  8.336937e-01  7.464886e-02  9.810432e-18  6.665299e-02  1.058022e-02 -2.812432e-18 
  830.048  8.242207e-01  7.330336e-02 -4.240089e-17  6.589399e-02  1.035566e-02 -7.339976e-18 
  831.083  8.314387e-01  7.385828e-02 -1.002235e-16  6.647017e-02  1.043469e-02 -1.506401e-17 
  832.120  8.184195e-01  7.227270e-02  5.634675e-18  6.542879e-02  1.015149e-02 -6.613074e-20 
  833.160  8.534105e-01  7.593326e-02 -3.553324e-18  6.822486e-02  1.081558e-02 -4.357189e-19 
  834.203  8.512755e-01  7.578439e-02 -2.136956e-17  6.805360e-02  1.086355e-02 -3.149030e-18 
  835.248  8.664706e-01  7.730040e-02 -2.576650e-17  6.926697e-02  1.117672e-02 -2.383268e-18 
  836.296  8.653857e-01  7.715970e-02  9.073543e-18  6.917973e-02  1.118406e-02  6.975930e-19 
  837.346  8.663911e-01  7.690056e-02 -9.524189e-19  6.925857e-02  1.111965e-02  8.987313e-19 
  838.399  8.764515e-01  7.794852e-02  4.161417e-17  7.006179e-02  1.135873e-02  1.094123e-17 
  839.455  8.831545e-01  7.874693e-02  1.914197e-20  7.059693e-02  1.157332e-02 -3.319864e-18 
  840.513  8.835276e-01  7.851781e-02 -2.216469e-17  7.062533e-02  1.154375e-02 -6.192409e-18 
  841.574  8.758703e-01  7.737081e-02 -1.862133e-17  7.001253e-02  1.128190e-02 -5.547569e-18 
  842.638  8.920735e-01  7.925715e-02  5.495942e-17  7.130632e-02  1.176728e-02  1.098658e-17 
  843.704  8.839920e-01  7.801864e-02 -1.851371e-17  7.065955e-02  1.147697e-02 -5.505549e-18 
  844.773  8.905661e-01  7.866696e-02  8.191051e-17  7.118394e-02  1.165149e-02  1.676899e-17 
  845.845  8.926507e-01  7.869124e-02  1.620533e-17  7.134923e-02  1.168536e-02  4.818676e-18 
  846.920  8.943711e-01  7.885551e-02  3.135341e-17  7.148634e-02  1.173779e-02  1.021559e-17 
  847.997  8.923782e-01  7.821544e-02  1.011142e-16  7.132528e-02  1.160551e-02  1.310680e-17 
  849.077  8.935682e-01  7.816462e-02  3.329453e-17  7.141930e-02  1.161524e-02  2.312965e-18 
  850.160  8.930060e-01  7.795344e-02  5.671933e-17  7.137374e-02  1.157184e-02  1.247783e-18 
